#
# A fatal error has been detected by the Java Runtime Environment:
#
#  EXCEPTION_ACCESS_VIOLATION (0xc0000005) at pc=0x0000000002946dac, pid=8072, tid=0x0000000000001eb0
#
# JRE version: OpenJDK Runtime Environment (8.0_76-b03) (build 1.8.0_76-release-b03)
# Java VM: OpenJDK 64-Bit Server VM (25.76-b03 mixed mode windows-amd64 compressed oops)
# Problematic frame:
# v  ~BufferBlob::I2C/C2I adapters
#
# Failed to write core dump. Minidumps are not enabled by default on client versions of Windows
#
# If you would like to submit a bug report, please visit:
#   http://bugreport.java.com/bugreport/crash.jsp
#

---------------  T H R E A D  ---------------

Current thread (0x0000000002173000):  GCTaskThread [stack: 0x0000000012240000,0x0000000012340000] [id=7856]

siginfo: ExceptionCode=0xc0000005, reading address 0x0000000000001232

Registers:
RAX=0x0000000055740778, RBX=0x00000000000011ea, RCX=0x0000000015776c10, RDX=0x0000000056006a80
RSP=0x000000001233f858, RBP=0x000000001233f979, RSI=0x0000000056006a80, RDI=0x0000000056006a80
R8 =0x00000000a005aea0, R9 =0x0000000015776c10, R10=0x000000000000000c, R11=0x000000005e92fa68
R12=0x000000005e97cb98, R13=0x000000000216d710, R14=0x0000000002173580, R15=0x0000000000000000
RIP=0x0000000002946dac, EFLAGS=0x0000000000010202

Top of Stack: (sp=0x000000001233f858)
0x000000001233f858:   000000005e72eb00 0000000056006a80
0x000000001233f868:   000000001233f979 0000000056006a80
0x000000001233f878:   000000005e97cb98 00000000562501a0
0x000000001233f888:   000000001233f930 0000000058ad1b90
0x000000001233f898:   0000000000000004 0000000056006a80
0x000000001233f8a8:   000000005e45c702 00000000a028dec8
0x000000001233f8b8:   0000000000000000 0000000000000000
0x000000001233f8c8:   000000000216d710 0000000002173590
0x000000001233f8d8:   0000000002173580 000000005e97cb98
0x000000001233f8e8:   0000000056006a80 0000000000000000
0x000000001233f8f8:   000000001233f979 0000000055fb5570
0x000000001233f908:   000000005e72bd50 00000000a005aea0
0x000000001233f918:   0000000000000000 0000000056006a80
0x000000001233f928:   000000001233f979 000000005e97bab0
0x000000001233f938:   000000000213cf00 0000000056006a80
0x000000001233f948:   000000005e97bad8 000000000216d700 

Instructions: (pc=0x0000000002946dac)
0x0000000002946d8c:   8b 18 0f 84 05 00 00 00 e9 07 ef ff ff 48 81 7b
0x0000000002946d9c:   48 00 00 00 00 0f 84 fd 00 00 00 e9 f4 ee ff ff
0x0000000002946dac:   48 81 7b 48 00 00 00 00 0f 84 ea 00 00 00 4c 8b
0x0000000002946dbc:   ec 48 8b 04 24 48 83 e4 f0 9c 48 83 ec 08 48 89 


Register to memory mapping:

RAX={method} {0x0000000055740780} 'clone' '()Ljava/lang/Object;' in 'java/lang/Object'
RBX=0x00000000000011ea is an unknown value
RCX=0x0000000015776c10 is pointing into metadata
RDX=0x0000000056006a80 is an unknown value
RSP=0x000000001233f858 is an unknown value
RBP=0x000000001233f979 is an unknown value
RSI=0x0000000056006a80 is an unknown value
RDI=0x0000000056006a80 is an unknown value
R8 =0x00000000a005aea0 is an oop

[error occurred during error reporting (printing register info), id 0xc0000005]

Stack: [0x0000000012240000,0x0000000012340000],  sp=0x000000001233f858,  free space=1022k
Native frames: (J=compiled Java code, j=interpreted, Vv=VM code, C=native code)
C  0x0000000002946dac


---------------  P R O C E S S  ---------------

Java Threads: ( => current thread )
  0x000000005bda5800 JavaThread "pool-14-thread-4" [_thread_blocked, id=2740, stack(0x0000000061e80000,0x0000000061f80000)]
  0x000000005bda5000 JavaThread "pool-14-thread-3" [_thread_blocked, id=4680, stack(0x0000000061c80000,0x0000000061d80000)]
  0x000000005bda4000 JavaThread "pool-14-thread-2" [_thread_blocked, id=5480, stack(0x0000000061070000,0x0000000061170000)]
  0x00000000595bb000 JavaThread "pool-15-thread-1" [_thread_blocked, id=4892, stack(0x0000000059db0000,0x0000000059eb0000)]
  0x00000000595b9800 JavaThread "pool-14-thread-1" [_thread_blocked, id=1188, stack(0x0000000060f30000,0x0000000061030000)]
  0x00000000595ba000 JavaThread "pool-11-thread-2" [_thread_blocked, id=2488, stack(0x000000005cdc0000,0x000000005cec0000)]
  0x000000005b4a8000 JavaThread "pool-11-thread-1" [_thread_blocked, id=6312, stack(0x0000000060e00000,0x0000000060f00000)]
  0x00000000595b8800 JavaThread "pool-8-thread-2" [_thread_blocked, id=6296, stack(0x0000000060670000,0x0000000060770000)]
  0x00000000595b8000 JavaThread "pool-8-thread-1" [_thread_blocked, id=196, stack(0x000000005d5f0000,0x000000005d6f0000)]
  0x000000005b4a7000 JavaThread "Asynchronous log dispatcher for org.gradle.launcher.daemon.server.DefaultDaemonConnection@76156dac" [_thread_blocked, id=5344, stack(0x0000000060180000,0x0000000060280000)]
  0x000000005b4a6800 JavaThread "Daemon worker Thread 2" [_thread_blocked, id=3916, stack(0x0000000059ed0000,0x0000000059fd0000)]
  0x000000005b4a5800 JavaThread "Cancel handler" [_thread_blocked, id=3636, stack(0x0000000059c60000,0x0000000059d60000)]
  0x000000005b4a4000 JavaThread "Handler for socket connection from /127.0.0.1:59766 to /127.0.0.1:62776" [_thread_in_native, id=7456, stack(0x0000000059aa0000,0x0000000059ba0000)]
  0x000000005b4a5000 JavaThread "Daemon Thread 2" [_thread_blocked, id=4312, stack(0x0000000059850000,0x0000000059950000)]
  0x000000005b4a2000 JavaThread "pool-2-thread-1" [_thread_blocked, id=4412, stack(0x000000005d4c0000,0x000000005d5c0000)]
  0x000000005b2a6000 JavaThread "File lock request listener" [_thread_in_native, id=6732, stack(0x000000005cec0000,0x000000005cfc0000)]
  0x00000000588c2800 JavaThread "pool-1-thread-1" [_thread_blocked, id=3368, stack(0x00000000599a0000,0x0000000059aa0000)]
  0x0000000058922800 JavaThread "Incoming local TCP Connector on port 59766" [_thread_in_native, id=6560, stack(0x00000000584c0000,0x00000000585c0000)]
  0x0000000057450800 JavaThread "Service Thread" daemon [_thread_blocked, id=6436, stack(0x0000000057a10000,0x0000000057b10000)]
  0x00000000560da000 JavaThread "C1 CompilerThread1" daemon [_thread_blocked, id=6556, stack(0x0000000056c90000,0x0000000056d90000)]
  0x00000000560d3800 JavaThread "C2 CompilerThread0" daemon [_thread_blocked, id=7632, stack(0x0000000057340000,0x0000000057440000)]
  0x00000000560d2000 JavaThread "Attach Listener" daemon [_thread_blocked, id=5232, stack(0x0000000057140000,0x0000000057240000)]
  0x00000000560e2800 JavaThread "Signal Dispatcher" daemon [_thread_blocked, id=5372, stack(0x0000000056f40000,0x0000000057040000)]
  0x00000000560bb800 JavaThread "Finalizer" daemon [_thread_blocked, id=7344, stack(0x0000000056da0000,0x0000000056ea0000)]
  0x0000000056072800 JavaThread "Reference Handler" daemon [_thread_blocked, id=3412, stack(0x0000000056b60000,0x0000000056c60000)]
  0x000000000213d800 JavaThread "main" [_thread_blocked, id=6620, stack(0x0000000002530000,0x0000000002630000)]

Other Threads:
  0x000000005606a800 VMThread [stack: 0x0000000056970000,0x0000000056a70000] [id=7200]
  0x0000000057451800 WatcherThread [stack: 0x0000000057b70000,0x0000000057c70000] [id=3644]

=>0x0000000002173000 (exited) GCTaskThread [stack: 0x0000000012240000,0x0000000012340000] [id=7856]

VM state:at safepoint (normal execution)

VM Mutex/Monitor currently owned by a thread:  ([mutex/lock_event])
[0x000000000213bd00] Threads_lock - owner thread: 0x000000005606a800
[0x000000000213c200] Heap_lock - owner thread: 0x000000005bda5000

Heap:
 PSYoungGen      total 249856K, used 20453K [0x00000000e0000000, 0x00000000f5c80000, 0x0000000100000000)
  eden space 229376K, 0% used [0x00000000e0000000,0x00000000e0000000,0x00000000ee000000)
  from space 20480K, 99% used [0x00000000ee000000,0x00000000ef3f94d0,0x00000000ef400000)
  to   space 30208K, 0% used [0x00000000f3f00000,0x00000000f3f00000,0x00000000f5c80000)
 ParOldGen       total 53760K, used 51886K [0x00000000a0000000, 0x00000000a3480000, 0x00000000e0000000)
  object space 53760K, 96% used [0x00000000a0000000,0x00000000a32aba10,0x00000000a3480000)
 Metaspace       used 63914K, capacity 65616K, committed 65968K, reserved 1105920K
  class space    used 8124K, capacity 8510K, committed 8624K, reserved 1048576K

Card table byte_map: [0x0000000011cc0000,0x0000000011fd0000] byte_map_base: 0x00000000117c0000

Marking Bits: (ParMarkBitMap*) 0x000000005eb29d00
 Begin Bits: [0x0000000012440000, 0x0000000013c40000)
 End Bits:   [0x0000000013c40000, 0x0000000015440000)

Polling page: 0x0000000000230000

CodeCache: size=245760Kb used=31943Kb max_used=31943Kb free=213816Kb
 bounds [0x0000000002900000, 0x0000000004860000, 0x0000000011900000]
 total_blobs=10726 nmethods=9986 adapters=653
 compilation: enabled

Compilation events (10 events):
Event: 3171.738 Thread 0x00000000560da000 12085       3       com.android.dx.cf.code.Ropper::getRopMethod (64 bytes)
Event: 3171.739 Thread 0x00000000560da000 nmethod 12085 0x000000000484a910 code [0x000000000484ab40, 0x000000000484b9d8]
Event: 3171.741 Thread 0x00000000560da000 12086 %     3       com.android.dx.ssa.SsaConverter::edgeSplitPredecessors @ 12 (44 bytes)
Event: 3171.742 Thread 0x00000000560da000 nmethod 12086% 0x000000000484c250 code [0x000000000484c460, 0x000000000484cf88]
Event: 3171.743 Thread 0x00000000560da000 12087 %     3       com.android.dx.ssa.SsaConverter::edgeSplitMoveExceptionsAndResults @ 12 (157 bytes)
Event: 3171.746 Thread 0x00000000560da000 nmethod 12087% 0x000000000484d4d0 code [0x000000000484d860, 0x000000000484f9c8]
Event: 3171.746 Thread 0x00000000560da000 12088       2       com.android.dx.ssa.back.FirstFitLocalCombiningAllocator::findRopRegForLocal (74 bytes)
Event: 3171.747 Thread 0x00000000560da000 nmethod 12088 0x0000000004850c50 code [0x0000000004850de0, 0x0000000004851108]
Event: 3171.747 Thread 0x00000000560da000 12089       2       com.android.dx.ssa.back.FirstFitLocalCombiningAllocator::canMapRegs (60 bytes)
Event: 3171.748 Thread 0x00000000560da000 nmethod 12089 0x00000000048512d0 code [0x00000000048514a0, 0x0000000004851968]

GC Heap History (10 events):
Event: 28.922 GC heap after
Heap after GC invocations=12 (full 2):
 PSYoungGen      total 241664K, used 13792K [0x00000000e0000000, 0x00000000f0880000, 0x0000000100000000)
  eden space 227840K, 0% used [0x00000000e0000000,0x00000000e0000000,0x00000000ede80000)
  from space 13824K, 99% used [0x00000000ef280000,0x00000000efff81e8,0x00000000f0000000)
  to   space 20480K, 0% used [0x00000000ede80000,0x00000000ede80000,0x00000000ef280000)
 ParOldGen       total 53760K, used 31106K [0x00000000a0000000, 0x00000000a3480000, 0x00000000e0000000)
  object space 53760K, 57% used [0x00000000a0000000,0x00000000a1e608b0,0x00000000a3480000)
 Metaspace       used 50207K, capacity 51510K, committed 51760K, reserved 1093632K
  class space    used 6667K, capacity 6957K, committed 6960K, reserved 1048576K
}
Event: 77.516 GC heap before
{Heap before GC invocations=13 (full 2):
 PSYoungGen      total 241664K, used 126853K [0x00000000e0000000, 0x00000000f0880000, 0x0000000100000000)
  eden space 227840K, 49% used [0x00000000e0000000,0x00000000e6e69398,0x00000000ede80000)
  from space 13824K, 99% used [0x00000000ef280000,0x00000000efff81e8,0x00000000f0000000)
  to   space 20480K, 0% used [0x00000000ede80000,0x00000000ede80000,0x00000000ef280000)
 ParOldGen       total 53760K, used 31106K [0x00000000a0000000, 0x00000000a3480000, 0x00000000e0000000)
  object space 53760K, 57% used [0x00000000a0000000,0x00000000a1e608b0,0x00000000a3480000)
 Metaspace       used 53490K, capacity 54972K, committed 55088K, reserved 1097728K
  class space    used 7075K, capacity 7372K, committed 7472K, reserved 1048576K
Event: 77.572 GC heap after
Heap after GC invocations=13 (full 2):
 PSYoungGen      total 248320K, used 5863K [0x00000000e0000000, 0x00000000f0780000, 0x0000000100000000)
  eden space 227840K, 0% used [0x00000000e0000000,0x00000000e0000000,0x00000000ede80000)
  from space 20480K, 28% used [0x00000000ede80000,0x00000000ee439e20,0x00000000ef280000)
  to   space 19968K, 0% used [0x00000000ef400000,0x00000000ef400000,0x00000000f0780000)
 ParOldGen       total 53760K, used 43873K [0x00000000a0000000, 0x00000000a3480000, 0x00000000e0000000)
  object space 53760K, 81% used [0x00000000a0000000,0x00000000a2ad8438,0x00000000a3480000)
 Metaspace       used 53490K, capacity 54972K, committed 55088K, reserved 1097728K
  class space    used 7075K, capacity 7372K, committed 7472K, reserved 1048576K
}
Event: 77.572 GC heap before
{Heap before GC invocations=14 (full 3):
 PSYoungGen      total 248320K, used 5863K [0x00000000e0000000, 0x00000000f0780000, 0x0000000100000000)
  eden space 227840K, 0% used [0x00000000e0000000,0x00000000e0000000,0x00000000ede80000)
  from space 20480K, 28% used [0x00000000ede80000,0x00000000ee439e20,0x00000000ef280000)
  to   space 19968K, 0% used [0x00000000ef400000,0x00000000ef400000,0x00000000f0780000)
 ParOldGen       total 53760K, used 43873K [0x00000000a0000000, 0x00000000a3480000, 0x00000000e0000000)
  object space 53760K, 81% used [0x00000000a0000000,0x00000000a2ad8438,0x00000000a3480000)
 Metaspace       used 53490K, capacity 54972K, committed 55088K, reserved 1097728K
  class space    used 7075K, capacity 7372K, committed 7472K, reserved 1048576K
Event: 78.036 GC heap after
Heap after GC invocations=14 (full 3):
 PSYoungGen      total 248320K, used 0K [0x00000000e0000000, 0x00000000f0780000, 0x0000000100000000)
  eden space 227840K, 0% used [0x00000000e0000000,0x00000000e0000000,0x00000000ede80000)
  from space 20480K, 0% used [0x00000000ede80000,0x00000000ede80000,0x00000000ef280000)
  to   space 19968K, 0% used [0x00000000ef400000,0x00000000ef400000,0x00000000f0780000)
 ParOldGen       total 53760K, used 34470K [0x00000000a0000000, 0x00000000a3480000, 0x00000000e0000000)
  object space 53760K, 64% used [0x00000000a0000000,0x00000000a21a9b00,0x00000000a3480000)
 Metaspace       used 53489K, capacity 54966K, committed 55088K, reserved 1097728K
  class space    used 7074K, capacity 7371K, committed 7472K, reserved 1048576K
}
Event: 3116.409 GC heap before
{Heap before GC invocations=15 (full 3):
 PSYoungGen      total 248320K, used 227840K [0x00000000e0000000, 0x00000000f0780000, 0x0000000100000000)
  eden space 227840K, 100% used [0x00000000e0000000,0x00000000ede80000,0x00000000ede80000)
  from space 20480K, 0% used [0x00000000ede80000,0x00000000ede80000,0x00000000ef280000)
  to   space 19968K, 0% used [0x00000000ef400000,0x00000000ef400000,0x00000000f0780000)
 ParOldGen       total 53760K, used 34470K [0x00000000a0000000, 0x00000000a3480000, 0x00000000e0000000)
  object space 53760K, 64% used [0x00000000a0000000,0x00000000a21a9b00,0x00000000a3480000)
 Metaspace       used 58719K, capacity 60366K, committed 60464K, reserved 1101824K
  class space    used 7651K, capacity 7967K, committed 7984K, reserved 1048576K
Event: 3116.725 GC heap after
Heap after GC invocations=15 (full 3):
 PSYoungGen      total 249344K, used 13468K [0x00000000e0000000, 0x00000000f4280000, 0x0000000100000000)
  eden space 229376K, 0% used [0x00000000e0000000,0x00000000e0000000,0x00000000ee000000)
  from space 19968K, 67% used [0x00000000ef400000,0x00000000f0127260,0x00000000f0780000)
  to   space 20480K, 0% used [0x00000000ee000000,0x00000000ee000000,0x00000000ef400000)
 ParOldGen       total 53760K, used 34478K [0x00000000a0000000, 0x00000000a3480000, 0x00000000e0000000)
  object space 53760K, 64% used [0x00000000a0000000,0x00000000a21abb00,0x00000000a3480000)
 Metaspace       used 58719K, capacity 60366K, committed 60464K, reserved 1101824K
  class space    used 7651K, capacity 7967K, committed 7984K, reserved 1048576K
}
Event: 3171.770 GC heap before
{Heap before GC invocations=16 (full 3):
 PSYoungGen      total 249344K, used 242844K [0x00000000e0000000, 0x00000000f4280000, 0x0000000100000000)
  eden space 229376K, 100% used [0x00000000e0000000,0x00000000ee000000,0x00000000ee000000)
  from space 19968K, 67% used [0x00000000ef400000,0x00000000f0127260,0x00000000f0780000)
  to   space 20480K, 0% used [0x00000000ee000000,0x00000000ee000000,0x00000000ef400000)
 ParOldGen       total 53760K, used 34478K [0x00000000a0000000, 0x00000000a3480000, 0x00000000e0000000)
  object space 53760K, 64% used [0x00000000a0000000,0x00000000a21abb00,0x00000000a3480000)
 Metaspace       used 63914K, capacity 65616K, committed 65968K, reserved 1105920K
  class space    used 8124K, capacity 8510K, committed 8624K, reserved 1048576K
Event: 3173.538 GC heap after
Heap after GC invocations=16 (full 3):
 PSYoungGen      total 249856K, used 20453K [0x00000000e0000000, 0x00000000f5c80000, 0x0000000100000000)
  eden space 229376K, 0% used [0x00000000e0000000,0x00000000e0000000,0x00000000ee000000)
  from space 20480K, 99% used [0x00000000ee000000,0x00000000ef3f94d0,0x00000000ef400000)
  to   space 30208K, 0% used [0x00000000f3f00000,0x00000000f3f00000,0x00000000f5c80000)
 ParOldGen       total 53760K, used 51886K [0x00000000a0000000, 0x00000000a3480000, 0x00000000e0000000)
  object space 53760K, 96% used [0x00000000a0000000,0x00000000a32aba10,0x00000000a3480000)
 Metaspace       used 63914K, capacity 65616K, committed 65968K, reserved 1105920K
  class space    used 8124K, capacity 8510K, committed 8624K, reserved 1048576K
}
Event: 3173.538 GC heap before
{Heap before GC invocations=17 (full 4):
 PSYoungGen      total 249856K, used 20453K [0x00000000e0000000, 0x00000000f5c80000, 0x0000000100000000)
  eden space 229376K, 0% used [0x00000000e0000000,0x00000000e0000000,0x00000000ee000000)
  from space 20480K, 99% used [0x00000000ee000000,0x00000000ef3f94d0,0x00000000ef400000)
  to   space 30208K, 0% used [0x00000000f3f00000,0x00000000f3f00000,0x00000000f5c80000)
 ParOldGen       total 53760K, used 51886K [0x00000000a0000000, 0x00000000a3480000, 0x00000000e0000000)
  object space 53760K, 96% used [0x00000000a0000000,0x00000000a32aba10,0x00000000a3480000)
 Metaspace       used 63914K, capacity 65616K, committed 65968K, reserved 1105920K
  class space    used 8124K, capacity 8510K, committed 8624K, reserved 1048576K

Deoptimization events (10 events):
Event: 3170.355 Thread 0x000000005bda5000 Uncommon trap: reason=bimorphic action=maybe_recompile pc=0x00000000046ba5c0 method=com.android.dx.cf.code.BytecodeArray.parseInstruction(ILcom/android/dx/cf/code/BytecodeArray$Visitor;)I @ 2281
Event: 3170.493 Thread 0x000000005bda5000 Uncommon trap: reason=unstable_if action=reinterpret pc=0x00000000039d1de0 method=com.android.dx.rop.code.RegisterSpec.equals(ILcom/android/dx/rop/type/TypeBearer;Lcom/android/dx/rop/code/LocalItem;)Z @ 16
Event: 3170.493 Thread 0x000000005bda5000 Uncommon trap: reason=unstable_if action=reinterpret pc=0x0000000003c8f1b8 method=com.android.dx.rop.code.RegisterSpec.equals(ILcom/android/dx/rop/type/TypeBearer;Lcom/android/dx/rop/code/LocalItem;)Z @ 16
Event: 3170.493 Thread 0x000000005bda5000 Uncommon trap: reason=unstable_if action=reinterpret pc=0x00000000046d144c method=com.android.dx.cf.code.RopperMachine.run(Lcom/android/dx/cf/code/Frame;II)V @ 1019
Event: 3170.496 Thread 0x000000005bda5000 Uncommon trap: reason=bimorphic action=maybe_recompile pc=0x00000000046ba5c0 method=com.android.dx.cf.code.BytecodeArray.parseInstruction(ILcom/android/dx/cf/code/BytecodeArray$Visitor;)I @ 2281
Event: 3170.496 Thread 0x000000005bda5000 Uncommon trap: reason=class_check action=maybe_recompile pc=0x00000000046bb0d4 method=com.android.dx.cf.code.BytecodeArray.parseInstruction(ILcom/android/dx/cf/code/BytecodeArray$Visitor;)I @ 891
Event: 3170.497 Thread 0x000000005bda5000 Uncommon trap: reason=bimorphic action=maybe_recompile pc=0x00000000046ba5c0 method=com.android.dx.cf.code.BytecodeArray.parseInstruction(ILcom/android/dx/cf/code/BytecodeArray$Visitor;)I @ 2281
Event: 3170.504 Thread 0x000000005bda5000 Uncommon trap: reason=unstable_if action=reinterpret pc=0x0000000003bca5fc method=com.android.dx.rop.code.RegisterSpecSet.put(Lcom/android/dx/rop/code/RegisterSpec;)V @ 77
Event: 3170.512 Thread 0x000000005bda5000 Uncommon trap: reason=null_check action=make_not_entrant pc=0x0000000003430d0c method=com.android.dx.ssa.SsaRenamer.getLocalForNewReg(I)Lcom/android/dx/rop/code/LocalItem; @ 19
Event: 3170.515 Thread 0x000000005bda5000 Uncommon trap: reason=unstable_if action=reinterpret pc=0x0000000003ff9f68 method=java.util.BitSet.ensureCapacity(I)V @ 6

Internal exceptions (10 events):
Event: 613.371 Thread 0x000000005b4a2000 Implicit null exception at 0x0000000002ca4575 to 0x0000000002ca4749
Event: 3061.959 Thread 0x000000005b4a6800 Exception <a 'java/lang/ClassNotFoundException': asLocalRepo736_4ddnphnlmvia9p69qt8u69szoBeanInfo> (0x00000000e1509e20) thrown at [C:\src\android\AOSP-openjdk\external\jetbrains\jdk\hotspot\src\share\vm\classfile\systemDictionary.cpp, line 210]
Event: 3061.959 Thread 0x000000005b4a6800 Exception <a 'java/lang/ClassNotFoundException': asLocalRepo736_4ddnphnlmvia9p69qt8u69szoCustomizer> (0x00000000e1513980) thrown at [C:\src\android\AOSP-openjdk\external\jetbrains\jdk\hotspot\src\share\vm\classfile\systemDictionary.cpp, line 210]
Event: 3062.055 Thread 0x000000005b4a6800 Implicit null exception at 0x00000000030df6a2 to 0x00000000030dfd09
Event: 3064.725 Thread 0x000000005b4a6800 Exception <a 'sun/nio/fs/WindowsException'> (0x00000000e5c6e4c8) thrown at [C:\src\android\AOSP-openjdk\external\jetbrains\jdk\hotspot\src\share\vm\prims\jni.cpp, line 709]
Event: 3064.849 Thread 0x000000005b4a6800 Exception <a 'java/lang/reflect/InvocationTargetException'> (0x00000000e5d71850) thrown at [C:\src\android\AOSP-openjdk\external\jetbrains\jdk\hotspot\src\share\vm\runtime\reflection.cpp, line 1092]
Event: 3116.726 Thread 0x000000005b4a6800 Implicit null exception at 0x000000000406d512 to 0x000000000406db9d
Event: 3120.768 Thread 0x000000005b4a6800 Implicit null exception at 0x0000000003f11a73 to 0x0000000003f11af9
Event: 3122.168 Thread 0x000000005b4a6800 Implicit null exception at 0x000000000317af79 to 0x000000000317b199
Event: 3170.512 Thread 0x000000005bda5000 Implicit null exception at 0x0000000003430351 to 0x0000000003430ce9

Events (10 events):
Event: 3171.627 Thread 0x000000005bda5000 DEOPT UNPACKING pc=0x00000000029471bf sp=0x0000000061d7e6d8 mode 0
Event: 3171.693 Thread 0x000000005bda5000 DEOPT PACKING pc=0x000000000482d2bd sp=0x0000000061d7e940
Event: 3171.693 Thread 0x000000005bda5000 DEOPT UNPACKING pc=0x00000000029471bf sp=0x0000000061d7e730 mode 0
Event: 3171.694 Thread 0x000000005bda5800 DEOPT PACKING pc=0x00000000037d4857 sp=0x0000000061f7e4f0
Event: 3171.694 Thread 0x000000005bda5800 DEOPT UNPACKING pc=0x00000000029471bf sp=0x0000000061f7e2d0 mode 0
Event: 3171.702 Thread 0x000000005bda5000 DEOPT PACKING pc=0x00000000047da6c1 sp=0x0000000061d7e890
Event: 3171.702 Thread 0x000000005bda5000 DEOPT UNPACKING pc=0x00000000029471bf sp=0x0000000061d7e660 mode 0
Event: 3171.740 Thread 0x00000000595b9800 DEOPT PACKING pc=0x0000000004837002 sp=0x000000006102ef20
Event: 3171.740 Thread 0x00000000595b9800 DEOPT UNPACKING pc=0x00000000029471bf sp=0x000000006102ecb8 mode 0
Event: 3171.764 Executing VM operation: ParallelGCFailedAllocation


Dynamic libraries:
0x000000013f960000 - 0x000000013f991000 	C:\Program Files\Android\Android Studio\jre\bin\java.exe
0x0000000077a70000 - 0x0000000077c18000 	C:\Windows\SYSTEM32\ntdll.dll
0x0000000077850000 - 0x000000007796f000 	C:\Windows\system32\kernel32.dll
0x000007fefd8a0000 - 0x000007fefd90c000 	C:\Windows\system32\KERNELBASE.dll
0x000007fefe560000 - 0x000007fefe63b000 	C:\Windows\system32\ADVAPI32.dll
0x000007feff4e0000 - 0x000007feff57f000 	C:\Windows\system32\msvcrt.dll
0x000007feff850000 - 0x000007feff86f000 	C:\Windows\SYSTEM32\sechost.dll
0x000007feff870000 - 0x000007feff99d000 	C:\Windows\system32\RPCRT4.dll
0x0000000077970000 - 0x0000000077a6a000 	C:\Windows\system32\USER32.dll
0x000007fefdfd0000 - 0x000007fefe037000 	C:\Windows\system32\GDI32.dll
0x000007feffc00000 - 0x000007feffc0e000 	C:\Windows\system32\LPK.dll
0x000007feffcb0000 - 0x000007feffd79000 	C:\Windows\system32\USP10.dll
0x000007fefbfe0000 - 0x000007fefc1d4000 	C:\Windows\WinSxS\amd64_microsoft.windows.common-controls_6595b64144ccf1df_6.0.7601.17514_none_fa396087175ac9ac\COMCTL32.dll
0x000007fefdd00000 - 0x000007fefdd71000 	C:\Windows\system32\SHLWAPI.dll
0x000007fefdcd0000 - 0x000007fefdcfe000 	C:\Windows\system32\IMM32.DLL
0x000007feff3d0000 - 0x000007feff4d9000 	C:\Windows\system32\MSCTF.dll
0x0000000074d20000 - 0x0000000074df2000 	C:\Program Files\Android\Android Studio\jre\jre\bin\msvcr100.dll
0x000000005e370000 - 0x000000005eba4000 	C:\Program Files\Android\Android Studio\jre\jre\bin\server\jvm.dll
0x000007feeea40000 - 0x000007feeea49000 	C:\Windows\system32\WSOCK32.dll
0x000007fefe040000 - 0x000007fefe08d000 	C:\Windows\system32\WS2_32.dll
0x000007fefe550000 - 0x000007fefe558000 	C:\Windows\system32\NSI.dll
0x000007fefbd90000 - 0x000007fefbdcb000 	C:\Windows\system32\WINMM.dll
0x000007fefc900000 - 0x000007fefc90c000 	C:\Windows\system32\VERSION.dll
0x0000000077c30000 - 0x0000000077c37000 	C:\Windows\system32\PSAPI.DLL
0x000007feef950000 - 0x000007feef95f000 	C:\Program Files\Android\Android Studio\jre\jre\bin\verify.dll
0x000007feecdd0000 - 0x000007feecdf9000 	C:\Program Files\Android\Android Studio\jre\jre\bin\java.dll
0x000007feecdb0000 - 0x000007feecdc6000 	C:\Program Files\Android\Android Studio\jre\jre\bin\zip.dll
0x000007fefe640000 - 0x000007feff3c9000 	C:\Windows\system32\SHELL32.dll
0x000007fefe190000 - 0x000007fefe393000 	C:\Windows\system32\ole32.dll
0x000007fefd830000 - 0x000007fefd83f000 	C:\Windows\system32\profapi.dll
0x000007feece10000 - 0x000007feece2a000 	C:\Program Files\Android\Android Studio\jre\jre\bin\net.dll
0x000007fefcfd0000 - 0x000007fefd025000 	C:\Windows\system32\mswsock.dll
0x000007fefcfc0000 - 0x000007fefcfc7000 	C:\Windows\System32\wship6.dll
0x000007feec480000 - 0x000007feec491000 	C:\Program Files\Android\Android Studio\jre\jre\bin\nio.dll
0x000007fefb010000 - 0x000007fefb022000 	C:\Users\Don\.gradle\native\19\windows-amd64\native-platform.dll
0x000007fefd030000 - 0x000007fefd048000 	C:\Windows\system32\CRYPTSP.dll
0x000007fefcd30000 - 0x000007fefcd77000 	C:\Windows\system32\rsaenh.dll
0x000007fefdbd0000 - 0x000007fefdbee000 	C:\Windows\system32\USERENV.dll
0x000007fefd690000 - 0x000007fefd69f000 	C:\Windows\system32\CRYPTBASE.dll
0x000007fefb270000 - 0x000007fefb297000 	C:\Windows\system32\IPHLPAPI.DLL
0x000007fefb250000 - 0x000007fefb25b000 	C:\Windows\system32\WINNSI.DLL
0x000007fefae40000 - 0x000007fefae58000 	C:\Windows\system32\dhcpcsvc.DLL
0x000007fefae20000 - 0x000007fefae31000 	C:\Windows\system32\dhcpcsvc6.DLL
0x000007feeeda0000 - 0x000007feeedad000 	C:\Program Files\Android\Android Studio\jre\jre\bin\management.dll
0x000007fefd630000 - 0x000007fefd687000 	C:\Windows\system32\apphelp.dll
0x000007fef06f0000 - 0x000007fef0815000 	C:\Windows\system32\dbghelp.dll

VM Arguments:
jvm_args: -Xmx1536m -Dfile.encoding=windows-1252 -Duser.country=US -Duser.language=en -Duser.variant 
java_command: org.gradle.launcher.daemon.bootstrap.GradleDaemon 2.14.1
java_class_path (initial): C:\Program Files\Android\Android Studio\gradle\gradle-2.14.1\lib\gradle-launcher-2.14.1.jar
Launcher Type: SUN_STANDARD

Environment Variables:
PATH=C:\Program Files (x86)\NVIDIA Corporation\PhysX\Common;C:\ProgramData\Oracle\Java\javapath;C:\Windows\system32;C:\Windows;C:\Windows\System32\Wbem;C:\Windows\System32\WindowsPowerShell\v1.0\;C:\Program Files (x86)\Toshiba\Bluetooth Toshiba Stack\sys\;C:\Program Files (x86)\Toshiba\Bluetooth Toshiba Stack\sys\x64\;C:\Program Files\Java\jdk1.7.0_79\bin
USERNAME=Don
OS=Windows_NT
PROCESSOR_IDENTIFIER=Intel64 Family 6 Model 23 Stepping 10, GenuineIntel



---------------  S Y S T E M  ---------------

OS: Windows 7 , 64 bit Build 7601 (6.1.7601.18798)

CPU:total 2 (2 cores per cpu, 1 threads per core) family 6 model 23 stepping 10, cmov, cx8, fxsr, mmx, sse, sse2, sse3, ssse3, sse4.1, tsc

Memory: 4k page, physical 4181904k(581860k free), swap 8361956k(1698288k free)

vm_info: OpenJDK 64-Bit Server VM (25.76-b03) for windows-amd64 JRE (1.8.0_76-release-b03), built on Jun 29 2016 19:09:20 by "ralucas" with MS VC++ 10.0 (VS2010)

time: Fri Oct 14 13:21:48 2016
elapsed time: 3175 seconds (0d 0h 52m 55s)

