#
# A fatal error has been detected by the Java Runtime Environment:
#
#  EXCEPTION_ACCESS_VIOLATION (0xc0000005) at pc=0x0000000000000000, pid=8432, tid=0x0000000000002024
#
# JRE version: OpenJDK Runtime Environment (8.0_76-b03) (build 1.8.0_76-release-b03)
# Java VM: OpenJDK 64-Bit Server VM (25.76-b03 mixed mode windows-amd64 compressed oops)
# Problematic frame:
# C  0x0000000000000000
#
# Failed to write core dump. Minidumps are not enabled by default on client versions of Windows
#
# If you would like to submit a bug report, please visit:
#   http://bugreport.java.com/bugreport/crash.jsp
#

---------------  T H R E A D  ---------------

Current thread (0x00000000020d3000):  GCTaskThread [stack: 0x0000000012050000,0x0000000012150000] [id=8228]

siginfo: ExceptionCode=0xc0000005, ExceptionInformation=0x0000000000000008 0x0000000000000000

Registers:
RAX=0x00000000159559d0, RBX=0x00000000e1adcea0, RCX=0x0000000015955ba0, RDX=0x0000000055fe6f80
RSP=0x000000001214f3a8, RBP=0x000000000d217f4d, RSI=0x0000000055fe6f80, RDI=0x0000000000000005
R8 =0x00000000e1adcea0, R9 =0x0000000015955ba0, R10=0x0000000000000000, R11=0x00000000690f3638
R12=0x0000000011b2088b, R13=0x0000000000000005, R14=0x0000000000000001, R15=0x00000000020cc040
RIP=0x0000000000000000, EFLAGS=0x0000000000010a83

Top of Stack: (sp=0x000000001214f3a8)
0x000000001214f3a8:   0000000068ec7637 000000000d217f4d
0x000000001214f3b8:   000000000d217f4d 0000000055fe6f80
0x000000001214f3c8:   0000000000000005 0000000000000000
0x000000001214f3d8:   0000000068ec79ad 00000000e1adcea0
0x000000001214f3e8:   0000000055fe6f80 0000000055fe6f80
0x000000001214f3f8:   00000000e80af6c8 00000000e9ee1fc8
0x000000001214f408:   0000000000001000 0000000055fe6f80
0x000000001214f418:   0000000068bec5d3 0000000000000000
0x000000001214f428:   0000000055fe6f00 0000000011b2088b
0x000000001214f438:   0000000068ec7b00 00000000e9ee3f34
0x000000001214f448:   0000000011b20901 0000000055fe6f80
0x000000001214f458:   00000000a0111a10 00000000e9ee3f34
0x000000001214f468:   0000000068ec86a5 00000000e34e0fe8
0x000000001214f478:   0000000011b20901 0000000055fe6f80
0x000000001214f488:   0000000000000005 0000000055fe6f80
0x000000001214f498:   0000000068bc5d40 0000000000000000 

Instructions: (pc=0x0000000000000000)
0xffffffffffffffe0:   


Register to memory mapping:

RAX=0x00000000159559d0 is pointing into metadata
RBX=0x00000000e1adcea0 is an oop

[error occurred during error reporting (printing register info), id 0xc0000005]

Stack: [0x0000000012050000,0x0000000012150000],  sp=0x000000001214f3a8,  free space=1020k
Native frames: (J=compiled Java code, j=interpreted, Vv=VM code, C=native code)


---------------  P R O C E S S  ---------------

Java Threads: ( => current thread )
  0x0000000057e8e000 JavaThread "pool-2-thread-1" [_thread_blocked, id=8200, stack(0x0000000059e30000,0x0000000059f30000)]
  0x0000000057e8c000 JavaThread "File lock request listener" [_thread_in_native, id=6456, stack(0x000000005d230000,0x000000005d330000)]
  0x00000000589f5000 JavaThread "Stdin handler" [_thread_blocked, id=8664, stack(0x000000005a280000,0x000000005a380000)]
  0x00000000589f4800 JavaThread "Asynchronous log dispatcher for org.gradle.launcher.daemon.server.DefaultDaemonConnection@2d2b80c5" [_thread_blocked, id=7648, stack(0x000000005a140000,0x000000005a240000)]
  0x00000000589ea800 JavaThread "Daemon worker" [_thread_blocked, id=9016, stack(0x00000000583c0000,0x00000000584c0000)]
  0x00000000589e6000 JavaThread "Cancel handler" [_thread_blocked, id=7376, stack(0x0000000059f40000,0x000000005a040000)]
  0x00000000589cd800 JavaThread "Handler for socket connection from /127.0.0.1:52537 to /127.0.0.1:52538" [_thread_in_native, id=1988, stack(0x0000000059d30000,0x0000000059e30000)]
  0x00000000589bd000 JavaThread "Daemon" [_thread_blocked, id=3356, stack(0x0000000059ae0000,0x0000000059be0000)]
  0x00000000586c4800 JavaThread "pool-1-thread-1" [_thread_blocked, id=3736, stack(0x0000000059930000,0x0000000059a30000)]
  0x0000000058757000 JavaThread "Incoming local TCP Connector on port 52537" [_thread_in_native, id=8988, stack(0x0000000059520000,0x0000000059620000)]
  0x0000000057598800 JavaThread "Service Thread" daemon [_thread_blocked, id=1128, stack(0x0000000057170000,0x0000000057270000)]
  0x000000005605c000 JavaThread "C1 CompilerThread1" daemon [_thread_blocked, id=4496, stack(0x0000000057490000,0x0000000057590000)]
  0x0000000056056800 JavaThread "C2 CompilerThread0" daemon [_thread_blocked, id=3168, stack(0x00000000572b0000,0x00000000573b0000)]
  0x0000000056055000 JavaThread "Attach Listener" daemon [_thread_blocked, id=8320, stack(0x0000000056ff0000,0x00000000570f0000)]
  0x0000000056066000 JavaThread "Signal Dispatcher" daemon [_thread_blocked, id=5292, stack(0x0000000056df0000,0x0000000056ef0000)]
  0x000000005603f800 JavaThread "Finalizer" daemon [_thread_blocked, id=9188, stack(0x0000000056c60000,0x0000000056d60000)]
  0x0000000055ff6800 JavaThread "Reference Handler" daemon [_thread_blocked, id=3412, stack(0x0000000056940000,0x0000000056a40000)]
  0x00000000002ad800 JavaThread "main" [_thread_blocked, id=7892, stack(0x0000000002390000,0x0000000002490000)]

Other Threads:
  0x0000000055fea800 VMThread [stack: 0x0000000056aa0000,0x0000000056ba0000] [id=7688]
  0x0000000057599800 WatcherThread [stack: 0x0000000057a90000,0x0000000057b90000] [id=3424]

=>0x00000000020d3000 (exited) GCTaskThread [stack: 0x0000000012050000,0x0000000012150000] [id=8228]

VM state:at safepoint (normal execution)

VM Mutex/Monitor currently owned by a thread:  ([mutex/lock_event])
[0x00000000002abe00] Threads_lock - owner thread: 0x0000000055fea800
[0x00000000002ac300] Heap_lock - owner thread: 0x00000000589ea800

Heap:
 PSYoungGen      total 137728K, used 79305K [0x00000000e0000000, 0x00000000ea580000, 0x0000000100000000)
  eden space 127488K, 56% used [0x00000000e0000000,0x00000000e466a8f0,0x00000000e7c80000)
  from space 10240K, 70% used [0x00000000e7c80000,0x00000000e8387bd0,0x00000000e8680000)
  to   space 10240K, 64% used [0x00000000e9b80000,0x00000000ea1f6fe8,0x00000000ea580000)
 ParOldGen       total 1048576K, used 8358K [0x00000000a0000000, 0x00000000e0000000, 0x00000000e0000000)
  object space 1048576K, 0% used [0x00000000a0000000,0x00000000a0829828,0x00000000e0000000)
 Metaspace       used 34636K, capacity 35162K, committed 35496K, reserved 1079296K
  class space    used 4636K, capacity 4818K, committed 4912K, reserved 1048576K

Card table byte_map: [0x0000000011b20000,0x0000000011e30000] byte_map_base: 0x0000000011620000

Marking Bits: (ParMarkBitMap*) 0x00000000692b9d00
 Begin Bits: [0x00000000123c0000, 0x0000000013bc0000)
 End Bits:   [0x0000000013bc0000, 0x00000000153c0000)

Polling page: 0x0000000000260000

CodeCache: size=245760Kb used=13239Kb max_used=13294Kb free=232520Kb
 bounds [0x0000000002760000, 0x0000000003480000, 0x0000000011760000]
 total_blobs=4399 nmethods=3741 adapters=572
 compilation: enabled

Compilation events (10 events):
Event: 20.302 Thread 0x0000000056056800 3955 %     4       sun.security.util.ManifestDigester::findSection @ 20 (180 bytes)
Event: 20.309 Thread 0x0000000056056800 nmethod 3955% 0x0000000002c5b550 code [0x0000000002c5b6a0, 0x0000000002c5ba18]
Event: 20.329 Thread 0x000000005605c000 3956  s    3       java.io.ByteArrayInputStream::read (36 bytes)
Event: 20.330 Thread 0x000000005605c000 nmethod 3956 0x0000000002c5af90 code [0x0000000002c5b100, 0x0000000002c5b430]
Event: 20.331 Thread 0x000000005605c000 3958       3       sun.security.util.ObjectIdentifier::pack7Oid (84 bytes)
Event: 20.331 Thread 0x000000005605c000 nmethod 3958 0x0000000002a3d910 code [0x0000000002a3daa0, 0x0000000002a3de38]
Event: 20.331 Thread 0x000000005605c000 3957       3       sun.security.util.ObjectIdentifier::pack7Oid (42 bytes)
Event: 20.332 Thread 0x000000005605c000 nmethod 3957 0x0000000002a3d4d0 code [0x0000000002a3d640, 0x0000000002a3d868]
Event: 20.332 Thread 0x000000005605c000 3959       3       sun.security.util.ObjectIdentifier::checkOtherComponent (39 bytes)
Event: 20.332 Thread 0x000000005605c000 nmethod 3959 0x00000000028f4650 code [0x00000000028f4840, 0x00000000028f5148]

GC Heap History (10 events):
Event: 5.654 GC heap after
Heap after GC invocations=4 (full 0):
 PSYoungGen      total 68096K, used 2544K [0x00000000e0000000, 0x00000000e4500000, 0x0000000100000000)
  eden space 65536K, 0% used [0x00000000e0000000,0x00000000e0000000,0x00000000e4000000)
  from space 2560K, 99% used [0x00000000e4280000,0x00000000e44fc010,0x00000000e4500000)
  to   space 2560K, 0% used [0x00000000e4000000,0x00000000e4000000,0x00000000e4280000)
 ParOldGen       total 44032K, used 9836K [0x00000000a0000000, 0x00000000a2b00000, 0x00000000e0000000)
  object space 44032K, 22% used [0x00000000a0000000,0x00000000a099b020,0x00000000a2b00000)
 Metaspace       used 18538K, capacity 18878K, committed 19072K, reserved 1064960K
  class space    used 2473K, capacity 2582K, committed 2688K, reserved 1048576K
}
Event: 7.159 GC heap before
{Heap before GC invocations=5 (full 0):
 PSYoungGen      total 68096K, used 26394K [0x00000000e0000000, 0x00000000e4500000, 0x0000000100000000)
  eden space 65536K, 36% used [0x00000000e0000000,0x00000000e174a880,0x00000000e4000000)
  from space 2560K, 99% used [0x00000000e4280000,0x00000000e44fc010,0x00000000e4500000)
  to   space 2560K, 0% used [0x00000000e4000000,0x00000000e4000000,0x00000000e4280000)
 ParOldGen       total 44032K, used 9836K [0x00000000a0000000, 0x00000000a2b00000, 0x00000000e0000000)
  object space 44032K, 22% used [0x00000000a0000000,0x00000000a099b020,0x00000000a2b00000)
 Metaspace       used 20820K, capacity 21160K, committed 21296K, reserved 1067008K
  class space    used 2728K, capacity 2847K, committed 2864K, reserved 1048576K
Event: 7.231 GC heap after
Heap after GC invocations=5 (full 0):
 PSYoungGen      total 68096K, used 2544K [0x00000000e0000000, 0x00000000e9200000, 0x0000000100000000)
  eden space 65536K, 0% used [0x00000000e0000000,0x00000000e0000000,0x00000000e4000000)
  from space 2560K, 99% used [0x00000000e4000000,0x00000000e427c010,0x00000000e4280000)
  to   space 9216K, 0% used [0x00000000e8900000,0x00000000e8900000,0x00000000e9200000)
 ParOldGen       total 44032K, used 12480K [0x00000000a0000000, 0x00000000a2b00000, 0x00000000e0000000)
  object space 44032K, 28% used [0x00000000a0000000,0x00000000a0c30170,0x00000000a2b00000)
 Metaspace       used 20820K, capacity 21160K, committed 21296K, reserved 1067008K
  class space    used 2728K, capacity 2847K, committed 2864K, reserved 1048576K
}
Event: 7.231 GC heap before
{Heap before GC invocations=6 (full 1):
 PSYoungGen      total 68096K, used 2544K [0x00000000e0000000, 0x00000000e9200000, 0x0000000100000000)
  eden space 65536K, 0% used [0x00000000e0000000,0x00000000e0000000,0x00000000e4000000)
  from space 2560K, 99% used [0x00000000e4000000,0x00000000e427c010,0x00000000e4280000)
  to   space 9216K, 0% used [0x00000000e8900000,0x00000000e8900000,0x00000000e9200000)
 ParOldGen       total 44032K, used 12480K [0x00000000a0000000, 0x00000000a2b00000, 0x00000000e0000000)
  object space 44032K, 28% used [0x00000000a0000000,0x00000000a0c30170,0x00000000a2b00000)
 Metaspace       used 20820K, capacity 21160K, committed 21296K, reserved 1067008K
  class space    used 2728K, capacity 2847K, committed 2864K, reserved 1048576K
Event: 7.443 GC heap after
Heap after GC invocations=6 (full 1):
 PSYoungGen      total 68096K, used 0K [0x00000000e0000000, 0x00000000e9200000, 0x0000000100000000)
  eden space 65536K, 0% used [0x00000000e0000000,0x00000000e0000000,0x00000000e4000000)
  from space 2560K, 0% used [0x00000000e4000000,0x00000000e4000000,0x00000000e4280000)
  to   space 9216K, 0% used [0x00000000e8900000,0x00000000e8900000,0x00000000e9200000)
 ParOldGen       total 37888K, used 8350K [0x00000000a0000000, 0x00000000a2500000, 0x00000000e0000000)
  object space 37888K, 22% used [0x00000000a0000000,0x00000000a0827828,0x00000000a2500000)
 Metaspace       used 20820K, capacity 21160K, committed 21296K, reserved 1067008K
  class space    used 2728K, capacity 2847K, committed 2864K, reserved 1048576K
}
Event: 11.761 GC heap before
{Heap before GC invocations=7 (full 1):
 PSYoungGen      total 68096K, used 65536K [0x00000000e0000000, 0x00000000e9200000, 0x0000000100000000)
  eden space 65536K, 100% used [0x00000000e0000000,0x00000000e4000000,0x00000000e4000000)
  from space 2560K, 0% used [0x00000000e4000000,0x00000000e4000000,0x00000000e4280000)
  to   space 9216K, 0% used [0x00000000e8900000,0x00000000e8900000,0x00000000e9200000)
 ParOldGen       total 37888K, used 8350K [0x00000000a0000000, 0x00000000a2500000, 0x00000000e0000000)
  object space 37888K, 22% used [0x00000000a0000000,0x00000000a0827828,0x00000000a2500000)
 Metaspace       used 25961K, capacity 26430K, committed 26800K, reserved 1073152K
  class space    used 3573K, capacity 3701K, committed 3760K, reserved 1048576K
Event: 11.783 GC heap after
Heap after GC invocations=7 (full 1):
 PSYoungGen      total 108032K, used 7474K [0x00000000e0000000, 0x00000000e9080000, 0x0000000100000000)
  eden space 100352K, 0% used [0x00000000e0000000,0x00000000e0000000,0x00000000e6200000)
  from space 7680K, 97% used [0x00000000e8900000,0x00000000e904c890,0x00000000e9080000)
  to   space 10240K, 0% used [0x00000000e7c80000,0x00000000e7c80000,0x00000000e8680000)
 ParOldGen       total 37888K, used 8350K [0x00000000a0000000, 0x00000000a2500000, 0x00000000e0000000)
  object space 37888K, 22% used [0x00000000a0000000,0x00000000a0827828,0x00000000a2500000)
 Metaspace       used 25961K, capacity 26430K, committed 26800K, reserved 1073152K
  class space    used 3573K, capacity 3701K, committed 3760K, reserved 1048576K
}
Event: 17.507 GC heap before
{Heap before GC invocations=8 (full 1):
 PSYoungGen      total 108032K, used 107826K [0x00000000e0000000, 0x00000000e9080000, 0x0000000100000000)
  eden space 100352K, 100% used [0x00000000e0000000,0x00000000e6200000,0x00000000e6200000)
  from space 7680K, 97% used [0x00000000e8900000,0x00000000e904c890,0x00000000e9080000)
  to   space 10240K, 0% used [0x00000000e7c80000,0x00000000e7c80000,0x00000000e8680000)
 ParOldGen       total 37888K, used 8350K [0x00000000a0000000, 0x00000000a2500000, 0x00000000e0000000)
  object space 37888K, 22% used [0x00000000a0000000,0x00000000a0827828,0x00000000a2500000)
 Metaspace       used 29221K, capacity 29792K, committed 30000K, reserved 1075200K
  class space    used 3961K, capacity 4139K, committed 4144K, reserved 1048576K
Event: 17.571 GC heap after
Heap after GC invocations=8 (full 1):
 PSYoungGen      total 137728K, used 7198K [0x00000000e0000000, 0x00000000ea580000, 0x0000000100000000)
  eden space 127488K, 0% used [0x00000000e0000000,0x00000000e0000000,0x00000000e7c80000)
  from space 10240K, 70% used [0x00000000e7c80000,0x00000000e8387bd0,0x00000000e8680000)
  to   space 10240K, 0% used [0x00000000e9b80000,0x00000000e9b80000,0x00000000ea580000)
 ParOldGen       total 37888K, used 8350K [0x00000000a0000000, 0x00000000a2500000, 0x00000000e0000000)
  object space 37888K, 22% used [0x00000000a0000000,0x00000000a0827828,0x00000000a2500000)
 Metaspace       used 29221K, capacity 29792K, committed 30000K, reserved 1075200K
  class space    used 3961K, capacity 4139K, committed 4144K, reserved 1048576K
}
Event: 20.358 GC heap before
{Heap before GC invocations=9 (full 1):
 PSYoungGen      total 137728K, used 79305K [0x00000000e0000000, 0x00000000ea580000, 0x0000000100000000)
  eden space 127488K, 56% used [0x00000000e0000000,0x00000000e466a8f0,0x00000000e7c80000)
  from space 10240K, 70% used [0x00000000e7c80000,0x00000000e8387bd0,0x00000000e8680000)
  to   space 10240K, 0% used [0x00000000e9b80000,0x00000000e9b80000,0x00000000ea580000)
 ParOldGen       total 37888K, used 8350K [0x00000000a0000000, 0x00000000a2500000, 0x00000000e0000000)
  object space 37888K, 22% used [0x00000000a0000000,0x00000000a0827828,0x00000000a2500000)
 Metaspace       used 34636K, capacity 35162K, committed 35496K, reserved 1079296K
  class space    used 4636K, capacity 4818K, committed 4912K, reserved 1048576K

Deoptimization events (10 events):
Event: 17.370 Thread 0x00000000589ea800 Uncommon trap: reason=bimorphic action=maybe_recompile pc=0x0000000002fb5788 method=java.lang.ClassLoader.getPackage(Ljava/lang/String;)Ljava/lang/Package; @ 47
Event: 17.370 Thread 0x00000000589ea800 Uncommon trap: reason=bimorphic action=maybe_recompile pc=0x0000000002fb5788 method=java.lang.ClassLoader.getPackage(Ljava/lang/String;)Ljava/lang/Package; @ 47
Event: 17.371 Thread 0x00000000589ea800 Uncommon trap: reason=bimorphic action=maybe_recompile pc=0x0000000002fb5788 method=java.lang.ClassLoader.getPackage(Ljava/lang/String;)Ljava/lang/Package; @ 47
Event: 17.371 Thread 0x00000000589ea800 Uncommon trap: reason=bimorphic action=maybe_recompile pc=0x0000000002fb5788 method=java.lang.ClassLoader.getPackage(Ljava/lang/String;)Ljava/lang/Package; @ 47
Event: 18.170 Thread 0x00000000589ea800 Uncommon trap: reason=bimorphic action=maybe_recompile pc=0x0000000003231028 method=java.security.MessageDigest$Delegate.engineUpdate([BII)V @ 7
Event: 18.170 Thread 0x00000000589ea800 Uncommon trap: reason=bimorphic action=maybe_recompile pc=0x0000000003231028 method=java.security.MessageDigest$Delegate.engineUpdate([BII)V @ 7
Event: 19.159 Thread 0x00000000589ea800 Uncommon trap: reason=unstable_if action=reinterpret pc=0x0000000002f4d344 method=java.util.HashMap.putVal(ILjava/lang/Object;Ljava/lang/Object;ZZ)Ljava/lang/Object; @ 162
Event: 19.159 Thread 0x00000000589ea800 Uncommon trap: reason=unstable_if action=reinterpret pc=0x0000000002a51ffc method=java.util.HashMap.resize()[Ljava/util/HashMap$Node; @ 206
Event: 19.819 Thread 0x00000000589ea800 Uncommon trap: reason=unstable_if action=reinterpret pc=0x0000000003436c10 method=java.lang.reflect.Executable.printModifiersIfNonzero(Ljava/lang/StringBuilder;IZ)V @ 10
Event: 20.305 Thread 0x00000000589ea800 Uncommon trap: reason=unstable_if action=reinterpret pc=0x0000000002a3c8bc method=java.lang.ThreadLocal.get()Ljava/lang/Object; @ 11

Internal exceptions (10 events):
Event: 17.972 Thread 0x00000000589ea800 Exception <a 'sun/nio/fs/WindowsException'> (0x00000000e05e1960) thrown at [C:\src\android\AOSP-openjdk\external\jetbrains\jdk\hotspot\src\share\vm\prims\jni.cpp, line 709]
Event: 18.684 Thread 0x00000000589ea800 Exception <a 'java/lang/ClassNotFoundException': org/gradle/api/plugins/BasePluginConventionBeanInfo> (0x00000000e13d3ea0) thrown at [C:\src\android\AOSP-openjdk\external\jetbrains\jdk\hotspot\src\share\vm\classfile\systemDictionary.cpp, line 210]
Event: 18.685 Thread 0x00000000589ea800 Exception <a 'java/lang/ClassNotFoundException': org/gradle/api/plugins/BasePluginConventionCustomizer> (0x00000000e1407090) thrown at [C:\src\android\AOSP-openjdk\external\jetbrains\jdk\hotspot\src\share\vm\classfile\systemDictionary.cpp, line 210]
Event: 19.610 Thread 0x00000000589ea800 Exception <a 'java/lang/ClassNotFoundException': org/gradle/api/plugins/JavaPluginConventionBeanInfo> (0x00000000e353d2f0) thrown at [C:\src\android\AOSP-openjdk\external\jetbrains\jdk\hotspot\src\share\vm\classfile\systemDictionary.cpp, line 210]
Event: 19.611 Thread 0x00000000589ea800 Exception <a 'java/lang/ClassNotFoundException': org/gradle/api/plugins/JavaPluginConventionCustomizer> (0x00000000e3570228) thrown at [C:\src\android\AOSP-openjdk\external\jetbrains\jdk\hotspot\src\share\vm\classfile\systemDictionary.cpp, line 210]
Event: 20.135 Thread 0x00000000589ea800 Exception <a 'java/lang/ClassNotFoundException': com/android/build/gradle/internal/api/DefaultAndroidSourceSet_DecoratedBeanInfo> (0x00000000e403b550) thrown at [C:\src\android\AOSP-openjdk\external\jetbrains\jdk\hotspot\src\share\vm\classfile\systemDictioAµÚ∞"4@
Event: 20.136 Thread 0x00000000589ea800 Exception <a 'java/lang/ClassNotFoundException': com/android/build/gradle/internal/api/DefaultAndroidSourceSetBeanInfo> (0x00000000e404f1e0) thrown at [C:\src\android\AOSP-openjdk\external\jetbrains\jdk\hotspot\src\share\vm\classfile\systemDictionary.cpp, /bA•Œ"4@
Event: 20.136 Thread 0x00000000589ea800 Exception <a 'java/lang/ClassNotFoundException': com/android/build/gradle/internal/api/DefaultAndroidSourceSetCustomizer> (0x00000000e40631b0) thrown at [C:\src\android\AOSP-openjdk\external\jetbrains\jdk\hotspot\src\share\vm\classfile\systemDictionary.cpp“è∆[ñ#4@
Event: 20.139 Thread 0x00000000589ea800 Exception <a 'java/lang/ClassNotFoundException': com/android/build/gradle/internal/api/DefaultAndroidSourceSet_DecoratedCustomizer> (0x00000000e40b55b0) thrown at [C:\src\android\AOSP-openjdk\external\jetbrains\jdk\hotspot\src\share\vm\classfile\systemDict
Event: 20.305 Thread 0x00000000589ea800 Implicit null exception at 0x0000000002a3c818 to 0x0000000002a3c8a9

Events (10 events):
Event: 20.355 loading class java/security/cert/X509Extension
Event: 20.355 loading class java/security/cert/X509Extension done
Event: 20.355 loading class java/security/cert/X509Certificate done
Event: 20.355 Executing VM operation: Deoptimize
Event: 20.356 Executing VM operation: Deoptimize done
Event: 20.356 loading class sun/security/util/Cache$EqualByteArray
Event: 20.356 loading class sun/security/util/Cache$EqualByteArray done
Event: 20.356 loading class sun/security/x509/X509CertImpl
Event: 20.358 loading class sun/security/x509/X509CertImpl done
Event: 20.358 Executing VM operation: CollectForMetadataAllocation


Dynamic libraries:
0x000000013f2b0000 - 0x000000013f2e1000 	C:\Program Files\Android\Android Studio\jre\bin\java.exe
0x00000000778d0000 - 0x0000000077a78000 	C:\Windows\SYSTEM32\ntdll.dll
0x000007fef2eb0000 - 0x000007fef2ee3000 	C:\Program Files\AVAST Software\Avast\x64\aswhooka.dll
0x00000000776b0000 - 0x00000000777cf000 	C:\Windows\system32\kernel32.dll
0x000007fefd9c0000 - 0x000007fefda2c000 	C:\Windows\system32\KERNELBASE.dll
0x000007feff860000 - 0x000007feff93b000 	C:\Windows\system32\ADVAPI32.dll
0x000007fefe220000 - 0x000007fefe2bf000 	C:\Windows\system32\msvcrt.dll
0x000007feff840000 - 0x000007feff85f000 	C:\Windows\SYSTEM32\sechost.dll
0x000007fefe0e0000 - 0x000007fefe20d000 	C:\Windows\system32\RPCRT4.dll
0x00000000777d0000 - 0x00000000778ca000 	C:\Windows\system32\USER32.dll
0x000007feffad0000 - 0x000007feffb37000 	C:\Windows\system32\GDI32.dll
0x000007fefe2c0000 - 0x000007fefe2ce000 	C:\Windows\system32\LPK.dll
0x000007fefdce0000 - 0x000007fefdda9000 	C:\Windows\system32\USP10.dll
0x000007fefc0d0000 - 0x000007fefc2c4000 	C:\Windows\WinSxS\amd64_microsoft.windows.common-controls_6595b64144ccf1df_6.0.7601.17514_none_fa396087175ac9ac\COMCTL32.dll
0x000007fefdb60000 - 0x000007fefdbd1000 	C:\Windows\system32\SHLWAPI.dll
0x000007feff330000 - 0x000007feff35e000 	C:\Windows\system32\IMM32.DLL
0x000007fefda50000 - 0x000007fefdb59000 	C:\Windows\system32\MSCTF.dll
0x00000000628f0000 - 0x00000000629c2000 	C:\Program Files\Android\Android Studio\jre\jre\bin\msvcr100.dll
0x0000000068b00000 - 0x0000000069334000 	C:\Program Files\Android\Android Studio\jre\jre\bin\server\jvm.dll
0x000007fee2d70000 - 0x000007fee2d79000 	C:\Windows\system32\WSOCK32.dll
0x000007feff400000 - 0x000007feff44d000 	C:\Windows\system32\WS2_32.dll
0x000007fefe210000 - 0x000007fefe218000 	C:\Windows\system32\NSI.dll
0x000007fefaf60000 - 0x000007fefaf9b000 	C:\Windows\system32\WINMM.dll
0x000007fefc760000 - 0x000007fefc76c000 	C:\Windows\system32\VERSION.dll
0x0000000077aa0000 - 0x0000000077aa7000 	C:\Windows\system32\PSAPI.DLL
0x000007fee2d30000 - 0x000007fee2d3f000 	C:\Program Files\Android\Android Studio\jre\jre\bin\verify.dll
0x000007fee2cd0000 - 0x000007fee2cf9000 	C:\Program Files\Android\Android Studio\jre\jre\bin\java.dll
0x000007fee2cb0000 - 0x000007fee2cc6000 	C:\Program Files\Android\Android Studio\jre\jre\bin\zip.dll
0x000007fefe520000 - 0x000007feff2a9000 	C:\Windows\system32\SHELL32.dll
0x000007feff450000 - 0x000007feff653000 	C:\Windows\system32\ole32.dll
0x000007fefd690000 - 0x000007fefd69f000 	C:\Windows\system32\profapi.dll
0x000007fee5590000 - 0x000007fee55aa000 	C:\Program Files\Android\Android Studio\jre\jre\bin\net.dll
0x000007fefce70000 - 0x000007fefcec5000 	C:\Windows\system32\mswsock.dll
0x000007fefce60000 - 0x000007fefce67000 	C:\Windows\System32\wship6.dll
0x000007fee5570000 - 0x000007fee5581000 	C:\Program Files\Android\Android Studio\jre\jre\bin\nio.dll
0x000007fefb590000 - 0x000007fefb5a2000 	C:\Users\Don\.gradle\native\19\windows-amd64\native-platform.dll
0x000007fefced0000 - 0x000007fefcee8000 	C:\Windows\system32\CRYPTSP.dll
0x000007fefcbd0000 - 0x000007fefcc17000 	C:\Windows\system32\rsaenh.dll
0x000007fefd9a0000 - 0x000007fefd9be000 	C:\Windows\system32\USERENV.dll
0x000007fefd530000 - 0x000007fefd53f000 	C:\Windows\system32\CRYPTBASE.dll
0x000007fef9e00000 - 0x000007fef9e27000 	C:\Windows\system32\IPHLPAPI.DLL
0x000007fef9df0000 - 0x000007fef9dfb000 	C:\Windows\system32\WINNSI.DLL
0x000007fef9dd0000 - 0x000007fef9de8000 	C:\Windows\system32\dhcpcsvc.DLL
0x000007fef9db0000 - 0x000007fef9dc1000 	C:\Windows\system32\dhcpcsvc6.DLL
0x000007fee5910000 - 0x000007fee591d000 	C:\Program Files\Android\Android Studio\jre\jre\bin\management.dll
0x000007fefd4d0000 - 0x000007fefd527000 	C:\Windows\system32\apphelp.dll
0x000007fef43a0000 - 0x000007fef44c5000 	C:\Windows\system32\dbghelp.dll

VM Arguments:
jvm_args: -Xmx1536m -Dfile.encoding=windows-1252 -Duser.country=US -Duser.language=en -Duser.variant 
java_command: org.gradle.launcher.daemon.bootstrap.GradleDaemon 2.14.1
java_class_path (initial): C:\Program Files\Android\Android Studio\gradle\gradle-2.14.1\lib\gradle-launcher-2.14.1.jar
Launcher Type: SUN_STANDARD

Environment Variables:
PATH=C:\Program Files (x86)\NVIDIA Corporation\PhysX\Common;C:\ProgramData\Oracle\Java\javapath;C:\Windows\system32;C:\Windows;C:\Windows\System32\Wbem;C:\Windows\System32\WindowsPowerShell\v1.0\;C:\Program Files (x86)\Toshiba\Bluetooth Toshiba Stack\sys\;C:\Program Files (x86)\Toshiba\Bluetooth Toshiba Stack\sys\x64\;c:\delta;C:\Program Files\Git\cmd;C:\Program Files\gnuplot\bin;C:\Program Files\Java\jdk1.7.0_79\bin
USERNAME=Don
OS=Windows_NT
PROCESSOR_IDENTIFIER=Intel64 Family 6 Model 23 Stepping 10, GenuineIntel



---------------  S Y S T E M  ---------------

OS: Windows 7 , 64 bit Build 7601 (6.1.7601.18798)

CPU:total 2 (2 cores per cpu, 1 threads per core) family 6 model 23 stepping 10, cmov, cx8, fxsr, mmx, sse, sse2, sse3, ssse3, sse4.1, tsc

Memory: 4k page, physical 4181904k(639064k free), swap 8361956k(1844628k free)

vm_info: OpenJDK 64-Bit Server VM (25.76-b03) for windows-amd64 JRE (1.8.0_76-release-b03), built on Jun 29 2016 19:09:20 by "ralucas" with MS VC++ 10.0 (VS2010)

time: Wed Jul 26 19:43:43 2017
elapsed time: 20 seconds (0d 0h 0m 20s)

